DEB [20200408-16:30:51.337] thr=1   paramiko.transport: Received global request "hostkeys-00@openssh.com"
DEB [20200408-16:30:51.338] thr=1   paramiko.transport: Rejecting "hostkeys-00@openssh.com" global request from server.
DEB [20200408-16:39:49.016] thr=1   paramiko.transport: [chan 0] Max packet in: 32768 bytes
DEB [20200408-16:39:49.057] thr=2   paramiko.transport: Received global request "hostkeys-00@openssh.com"
DEB [20200408-16:39:49.058] thr=2   paramiko.transport: Rejecting "hostkeys-00@openssh.com" global request from server.
DEB [20200408-16:39:49.138] thr=2   paramiko.transport: [chan 0] Max packet out: 32768 bytes
DEB [20200408-16:39:49.139] thr=2   paramiko.transport: Secsh channel 0 opened.
DEB [20200408-16:39:49.170] thr=2   paramiko.transport: [chan 0] Sesch channel 0 request ok
DEB [20200408-16:39:53.228] thr=2   paramiko.transport: [chan 0] EOF received (0)
DEB [20200408-16:39:53.229] thr=1   paramiko.transport: [chan 0] EOF sent (0)
DEB [20200408-16:40:20.699] thr=3   paramiko.transport: starting thread (client mode): 0xe02f90b8
DEB [20200408-16:40:20.699] thr=3   paramiko.transport: Local version/idstring: SSH-2.0-paramiko_2.7.1
DEB [20200408-16:40:20.737] thr=3   paramiko.transport: Remote version/idstring: SSH-2.0-OpenSSH_7.4p1 Debian-10+deb9u1
INF [20200408-16:40:20.737] thr=3   paramiko.transport: Connected (version 2.0, client OpenSSH_7.4p1)
DEB [20200408-16:40:20.770] thr=3   paramiko.transport: kex algos:['curve25519-sha256', 'curve25519-sha256@libssh.org', 'ecdh-sha2-nistp256', 'ecdh-sha2-nistp384', 'ecdh-sha2-nistp521', 'diffie-hellman-group-exchange-sha256', 'diffie-hellman-group16-sha512', 'diffie-hellman-group18-sha512', 'diffie-hellman-group14-sha256', 'diffie-hellman-group14-sha1'] server key:['ssh-rsa', 'rsa-sha2-512', 'rsa-sha2-256', 'ecdsa-sha2-nistp256', 'ssh-ed25519'] client encrypt:['chacha20-poly1305@openssh.com', 'aes128-ctr', 'aes192-ctr', 'aes256-ctr', 'aes128-gcm@openssh.com', 'aes256-gcm@openssh.com'] server encrypt:['chacha20-poly1305@openssh.com', 'aes128-ctr', 'aes192-ctr', 'aes256-ctr', 'aes128-gcm@openssh.com', 'aes256-gcm@openssh.com'] client mac:['umac-64-etm@openssh.com', 'umac-128-etm@openssh.com', 'hmac-sha2-256-etm@openssh.com', 'hmac-sha2-512-etm@openssh.com', 'hmac-sha1-etm@openssh.com', 'umac-64@openssh.com', 'umac-128@openssh.com', 'hmac-sha2-256', 'hmac-sha2-512', 'hmac-sha1'] server mac:['umac-64-etm@openssh.com', 'umac-128-etm@openssh.com', 'hmac-sha2-256-etm@openssh.com', 'hmac-sha2-512-etm@openssh.com', 'hmac-sha1-etm@openssh.com', 'umac-64@openssh.com', 'umac-128@openssh.com', 'hmac-sha2-256', 'hmac-sha2-512', 'hmac-sha1'] client compress:['none', 'zlib@openssh.com'] server compress:['none', 'zlib@openssh.com'] client lang:[''] server lang:[''] kex follows?False
DEB [20200408-16:40:20.771] thr=3   paramiko.transport: Kex agreed: curve25519-sha256@libssh.org
DEB [20200408-16:40:20.771] thr=3   paramiko.transport: HostKey agreed: ssh-ed25519
DEB [20200408-16:40:20.771] thr=3   paramiko.transport: Cipher agreed: aes128-ctr
DEB [20200408-16:40:20.772] thr=3   paramiko.transport: MAC agreed: hmac-sha2-256
DEB [20200408-16:40:20.772] thr=3   paramiko.transport: Compression agreed: none
DEB [20200408-16:40:20.853] thr=3   paramiko.transport: kex engine KexCurve25519 specified hash_algo <built-in function openssl_sha256>
DEB [20200408-16:40:20.853] thr=3   paramiko.transport: Switch to new keys ...
DEB [20200408-16:40:20.854] thr=4   paramiko.transport: Adding ssh-ed25519 host key for 172.18.2.13: b'8a1b46e1e470e164ef09311546ef0af0'
DEB [20200408-16:40:20.951] thr=3   paramiko.transport: userauth is OK
INF [20200408-16:40:20.992] thr=3   paramiko.transport: Authentication (password) successful!
DEB [20200408-16:40:20.993] thr=4   paramiko.transport: [chan 0] Max packet in: 32768 bytes
DEB [20200408-16:40:21.024] thr=3   paramiko.transport: Received global request "hostkeys-00@openssh.com"
DEB [20200408-16:40:21.024] thr=3   paramiko.transport: Rejecting "hostkeys-00@openssh.com" global request from server.
DEB [20200408-16:40:21.095] thr=3   paramiko.transport: [chan 0] Max packet out: 32768 bytes
DEB [20200408-16:40:21.095] thr=3   paramiko.transport: Secsh channel 0 opened.
DEB [20200408-16:40:21.128] thr=3   paramiko.transport: [chan 0] Sesch channel 0 request ok
DEB [20200408-16:40:25.235] thr=3   paramiko.transport: [chan 0] EOF received (0)
DEB [20200408-16:40:25.236] thr=3   paramiko.transport: [chan 0] EOF sent (0)
DEB [20200408-16:41:18.110] thr=1   paramiko.transport: [chan 0] Max packet in: 32768 bytes
DEB [20200408-16:41:18.155] thr=2   paramiko.transport: Received global request "hostkeys-00@openssh.com"
DEB [20200408-16:41:18.156] thr=2   paramiko.transport: Rejecting "hostkeys-00@openssh.com" global request from server.
DEB [20200408-16:41:18.241] thr=2   paramiko.transport: [chan 0] Max packet out: 32768 bytes
DEB [20200408-16:41:18.241] thr=2   paramiko.transport: Secsh channel 0 opened.
DEB [20200408-16:41:18.278] thr=2   paramiko.transport: [chan 0] Sesch channel 0 request ok
DEB [20200408-16:41:22.290] thr=2   paramiko.transport: [chan 0] EOF received (0)
DEB [20200408-16:41:22.291] thr=1   paramiko.transport: [chan 0] EOF sent (0)
DEB [20200408-16:42:52.890] thr=1   paramiko.transport: [chan 0] Max packet in: 32768 bytes
DEB [20200408-16:42:52.942] thr=2   paramiko.transport: Received global request "hostkeys-00@openssh.com"
DEB [20200408-16:42:52.943] thr=2   paramiko.transport: Rejecting "hostkeys-00@openssh.com" global request from server.
DEB [20200408-16:42:53.021] thr=2   paramiko.transport: [chan 0] Max packet out: 32768 bytes
DEB [20200408-16:42:53.021] thr=2   paramiko.transport: Secsh channel 0 opened.
DEB [20200408-16:42:53.053] thr=2   paramiko.transport: [chan 0] Sesch channel 0 request ok
DEB [20200408-16:42:57.098] thr=2   paramiko.transport: [chan 0] EOF received (0)
DEB [20200408-16:42:57.099] thr=2   paramiko.transport: [chan 0] EOF sent (0)
DEB [20200408-16:48:10.092] thr=3   paramiko.transport: starting thread (client mode): 0x58396438
DEB [20200408-16:48:10.093] thr=3   paramiko.transport: Local version/idstring: SSH-2.0-paramiko_2.7.1
DEB [20200408-16:48:10.132] thr=3   paramiko.transport: Remote version/idstring: SSH-2.0-OpenSSH_7.4p1 Debian-10+deb9u1
INF [20200408-16:48:10.132] thr=3   paramiko.transport: Connected (version 2.0, client OpenSSH_7.4p1)
DEB [20200408-16:48:10.173] thr=3   paramiko.transport: kex algos:['curve25519-sha256', 'curve25519-sha256@libssh.org', 'ecdh-sha2-nistp256', 'ecdh-sha2-nistp384', 'ecdh-sha2-nistp521', 'diffie-hellman-group-exchange-sha256', 'diffie-hellman-group16-sha512', 'diffie-hellman-group18-sha512', 'diffie-hellman-group14-sha256', 'diffie-hellman-group14-sha1'] server key:['ssh-rsa', 'rsa-sha2-512', 'rsa-sha2-256', 'ecdsa-sha2-nistp256', 'ssh-ed25519'] client encrypt:['chacha20-poly1305@openssh.com', 'aes128-ctr', 'aes192-ctr', 'aes256-ctr', 'aes128-gcm@openssh.com', 'aes256-gcm@openssh.com'] server encrypt:['chacha20-poly1305@openssh.com', 'aes128-ctr', 'aes192-ctr', 'aes256-ctr', 'aes128-gcm@openssh.com', 'aes256-gcm@openssh.com'] client mac:['umac-64-etm@openssh.com', 'umac-128-etm@openssh.com', 'hmac-sha2-256-etm@openssh.com', 'hmac-sha2-512-etm@openssh.com', 'hmac-sha1-etm@openssh.com', 'umac-64@openssh.com', 'umac-128@openssh.com', 'hmac-sha2-256', 'hmac-sha2-512', 'hmac-sha1'] server mac:['umac-64-etm@openssh.com', 'umac-128-etm@openssh.com', 'hmac-sha2-256-etm@openssh.com', 'hmac-sha2-512-etm@openssh.com', 'hmac-sha1-etm@openssh.com', 'umac-64@openssh.com', 'umac-128@openssh.com', 'hmac-sha2-256', 'hmac-sha2-512', 'hmac-sha1'] client compress:['none', 'zlib@openssh.com'] server compress:['none', 'zlib@openssh.com'] client lang:[''] server lang:[''] kex follows?False
DEB [20200408-16:48:10.173] thr=3   paramiko.transport: Kex agreed: curve25519-sha256@libssh.org
DEB [20200408-16:48:10.173] thr=3   paramiko.transport: HostKey agreed: ssh-ed25519
DEB [20200408-16:48:10.173] thr=3   paramiko.transport: Cipher agreed: aes128-ctr
DEB [20200408-16:48:10.173] thr=3   paramiko.transport: MAC agreed: hmac-sha2-256
DEB [20200408-16:48:10.173] thr=3   paramiko.transport: Compression agreed: none
DEB [20200408-16:48:10.267] thr=3   paramiko.transport: kex engine KexCurve25519 specified hash_algo <built-in function openssl_sha256>
DEB [20200408-16:48:10.268] thr=3   paramiko.transport: Switch to new keys ...
DEB [20200408-16:48:10.269] thr=4   paramiko.transport: Adding ssh-ed25519 host key for 172.18.2.13: b'8a1b46e1e470e164ef09311546ef0af0'
DEB [20200408-16:48:10.369] thr=3   paramiko.transport: userauth is OK
INF [20200408-16:48:10.411] thr=3   paramiko.transport: Authentication (password) successful!
DEB [20200408-16:48:10.412] thr=4   paramiko.transport: [chan 0] Max packet in: 32768 bytes
DEB [20200408-16:48:10.447] thr=3   paramiko.transport: Received global request "hostkeys-00@openssh.com"
DEB [20200408-16:48:10.448] thr=3   paramiko.transport: Rejecting "hostkeys-00@openssh.com" global request from server.
DEB [20200408-16:48:10.511] thr=3   paramiko.transport: [chan 0] Max packet out: 32768 bytes
DEB [20200408-16:48:10.512] thr=3   paramiko.transport: Secsh channel 0 opened.
DEB [20200408-16:48:10.585] thr=3   paramiko.transport: [chan 0] Sesch channel 0 request ok
DEB [20200408-16:48:14.655] thr=3   paramiko.transport: [chan 0] EOF received (0)
DEB [20200408-16:48:14.657] thr=3   paramiko.transport: [chan 0] EOF sent (0)
DEB [20200408-16:48:28.179] thr=1   paramiko.transport: [chan 0] Max packet in: 32768 bytes
DEB [20200408-16:48:28.235] thr=2   paramiko.transport: Received global request "hostkeys-00@openssh.com"
DEB [20200408-16:48:28.235] thr=2   paramiko.transport: Rejecting "hostkeys-00@openssh.com" global request from server.
DEB [20200408-16:48:28.305] thr=2   paramiko.transport: [chan 0] Max packet out: 32768 bytes
DEB [20200408-16:48:28.305] thr=2   paramiko.transport: Secsh channel 0 opened.
DEB [20200408-16:48:28.336] thr=2   paramiko.transport: [chan 0] Sesch channel 0 request ok
DEB [20200408-16:48:32.465] thr=2   paramiko.transport: [chan 0] EOF received (0)
DEB [20200408-16:48:32.466] thr=2   paramiko.transport: [chan 0] EOF sent (0)
DEB [20200408-16:49:10.599] thr=1   paramiko.transport: [chan 0] Max packet in: 32768 bytes
DEB [20200408-16:49:10.626] thr=2   paramiko.transport: Received global request "hostkeys-00@openssh.com"
DEB [20200408-16:49:10.627] thr=2   paramiko.transport: Rejecting "hostkeys-00@openssh.com" global request from server.
DEB [20200408-16:49:10.698] thr=2   paramiko.transport: [chan 0] Max packet out: 32768 bytes
DEB [20200408-16:49:10.698] thr=2   paramiko.transport: Secsh channel 0 opened.
DEB [20200408-16:49:10.728] thr=2   paramiko.transport: [chan 0] Sesch channel 0 request ok
DEB [20200408-16:49:14.779] thr=2   paramiko.transport: [chan 0] EOF received (0)
DEB [20200408-16:49:14.781] thr=1   paramiko.transport: [chan 0] EOF sent (0)
DEB [20200410-10:39:04.509] thr=1   paramiko.transport: [chan 0] Max packet in: 32768 bytes
DEB [20200410-10:39:04.971] thr=2   paramiko.transport: Received global request "hostkeys-00@openssh.com"
DEB [20200410-10:39:04.972] thr=2   paramiko.transport: Rejecting "hostkeys-00@openssh.com" global request from server.
DEB [20200410-10:39:05.047] thr=2   paramiko.transport: [chan 0] Max packet out: 32768 bytes
DEB [20200410-10:39:05.048] thr=2   paramiko.transport: Secsh channel 0 opened.
DEB [20200410-10:39:05.077] thr=2   paramiko.transport: [chan 0] Sesch channel 0 request ok
DEB [20200410-10:39:09.172] thr=2   paramiko.transport: [chan 0] EOF received (0)
DEB [20200410-10:39:09.173] thr=2   paramiko.transport: [chan 0] EOF sent (0)
DEB [20200410-10:39:15.433] thr=3   paramiko.transport: starting thread (client mode): 0xf5d28198
DEB [20200410-10:39:15.433] thr=3   paramiko.transport: Local version/idstring: SSH-2.0-paramiko_2.7.1
DEB [20200410-10:39:15.470] thr=3   paramiko.transport: Remote version/idstring: SSH-2.0-OpenSSH_7.4p1 Debian-10+deb9u1
INF [20200410-10:39:15.471] thr=3   paramiko.transport: Connected (version 2.0, client OpenSSH_7.4p1)
DEB [20200410-10:39:15.498] thr=3   paramiko.transport: kex algos:['curve25519-sha256', 'curve25519-sha256@libssh.org', 'ecdh-sha2-nistp256', 'ecdh-sha2-nistp384', 'ecdh-sha2-nistp521', 'diffie-hellman-group-exchange-sha256', 'diffie-hellman-group16-sha512', 'diffie-hellman-group18-sha512', 'diffie-hellman-group14-sha256', 'diffie-hellman-group14-sha1'] server key:['ssh-rsa', 'rsa-sha2-512', 'rsa-sha2-256', 'ecdsa-sha2-nistp256', 'ssh-ed25519'] client encrypt:['chacha20-poly1305@openssh.com', 'aes128-ctr', 'aes192-ctr', 'aes256-ctr', 'aes128-gcm@openssh.com', 'aes256-gcm@openssh.com'] server encrypt:['chacha20-poly1305@openssh.com', 'aes128-ctr', 'aes192-ctr', 'aes256-ctr', 'aes128-gcm@openssh.com', 'aes256-gcm@openssh.com'] client mac:['umac-64-etm@openssh.com', 'umac-128-etm@openssh.com', 'hmac-sha2-256-etm@openssh.com', 'hmac-sha2-512-etm@openssh.com', 'hmac-sha1-etm@openssh.com', 'umac-64@openssh.com', 'umac-128@openssh.com', 'hmac-sha2-256', 'hmac-sha2-512', 'hmac-sha1'] server mac:['umac-64-etm@openssh.com', 'umac-128-etm@openssh.com', 'hmac-sha2-256-etm@openssh.com', 'hmac-sha2-512-etm@openssh.com', 'hmac-sha1-etm@openssh.com', 'umac-64@openssh.com', 'umac-128@openssh.com', 'hmac-sha2-256', 'hmac-sha2-512', 'hmac-sha1'] client compress:['none', 'zlib@openssh.com'] server compress:['none', 'zlib@openssh.com'] client lang:[''] server lang:[''] kex follows?False
DEB [20200410-10:39:15.499] thr=3   paramiko.transport: Kex agreed: curve25519-sha256@libssh.org
DEB [20200410-10:39:15.499] thr=3   paramiko.transport: HostKey agreed: ssh-ed25519
DEB [20200410-10:39:15.499] thr=3   paramiko.transport: Cipher agreed: aes128-ctr
DEB [20200410-10:39:15.500] thr=3   paramiko.transport: MAC agreed: hmac-sha2-256
DEB [20200410-10:39:15.500] thr=3   paramiko.transport: Compression agreed: none
DEB [20200410-10:39:15.581] thr=3   paramiko.transport: kex engine KexCurve25519 specified hash_algo <built-in function openssl_sha256>
DEB [20200410-10:39:15.582] thr=3   paramiko.transport: Switch to new keys ...
DEB [20200410-10:39:15.584] thr=4   paramiko.transport: Adding ssh-ed25519 host key for 172.18.2.13: b'8a1b46e1e470e164ef09311546ef0af0'
DEB [20200410-10:39:15.675] thr=3   paramiko.transport: userauth is OK
INF [20200410-10:39:15.718] thr=3   paramiko.transport: Authentication (password) successful!
DEB [20200410-10:39:15.719] thr=4   paramiko.transport: [chan 0] Max packet in: 32768 bytes
DEB [20200410-10:39:15.749] thr=3   paramiko.transport: Received global request "hostkeys-00@openssh.com"
DEB [20200410-10:39:15.749] thr=3   paramiko.transport: Rejecting "hostkeys-00@openssh.com" global request from server.
DEB [20200410-10:39:15.825] thr=3   paramiko.transport: [chan 0] Max packet out: 32768 bytes
DEB [20200410-10:39:15.825] thr=3   paramiko.transport: Secsh channel 0 opened.
DEB [20200410-10:39:15.856] thr=3   paramiko.transport: [chan 0] Sesch channel 0 request ok
DEB [20200410-10:39:20.331] thr=3   paramiko.transport: [chan 0] EOF received (0)
DEB [20200410-10:39:20.333] thr=4   paramiko.transport: [chan 0] EOF sent (0)
DEB [20200410-10:42:48.000] thr=5   paramiko.transport: starting thread (client mode): 0xf407a208
DEB [20200410-10:42:48.000] thr=5   paramiko.transport: Local version/idstring: SSH-2.0-paramiko_2.7.1
DEB [20200410-10:42:48.044] thr=5   paramiko.transport: Remote version/idstring: SSH-2.0-OpenSSH_7.4p1 Debian-10+deb9u1
INF [20200410-10:42:48.044] thr=5   paramiko.transport: Connected (version 2.0, client OpenSSH_7.4p1)
DEB [20200410-10:42:48.076] thr=5   paramiko.transport: kex algos:['curve25519-sha256', 'curve25519-sha256@libssh.org', 'ecdh-sha2-nistp256', 'ecdh-sha2-nistp384', 'ecdh-sha2-nistp521', 'diffie-hellman-group-exchange-sha256', 'diffie-hellman-group16-sha512', 'diffie-hellman-group18-sha512', 'diffie-hellman-group14-sha256', 'diffie-hellman-group14-sha1'] server key:['ssh-rsa', 'rsa-sha2-512', 'rsa-sha2-256', 'ecdsa-sha2-nistp256', 'ssh-ed25519'] client encrypt:['chacha20-poly1305@openssh.com', 'aes128-ctr', 'aes192-ctr', 'aes256-ctr', 'aes128-gcm@openssh.com', 'aes256-gcm@openssh.com'] server encrypt:['chacha20-poly1305@openssh.com', 'aes128-ctr', 'aes192-ctr', 'aes256-ctr', 'aes128-gcm@openssh.com', 'aes256-gcm@openssh.com'] client mac:['umac-64-etm@openssh.com', 'umac-128-etm@openssh.com', 'hmac-sha2-256-etm@openssh.com', 'hmac-sha2-512-etm@openssh.com', 'hmac-sha1-etm@openssh.com', 'umac-64@openssh.com', 'umac-128@openssh.com', 'hmac-sha2-256', 'hmac-sha2-512', 'hmac-sha1'] server mac:['umac-64-etm@openssh.com', 'umac-128-etm@openssh.com', 'hmac-sha2-256-etm@openssh.com', 'hmac-sha2-512-etm@openssh.com', 'hmac-sha1-etm@openssh.com', 'umac-64@openssh.com', 'umac-128@openssh.com', 'hmac-sha2-256', 'hmac-sha2-512', 'hmac-sha1'] client compress:['none', 'zlib@openssh.com'] server compress:['none', 'zlib@openssh.com'] client lang:[''] server lang:[''] kex follows?False
DEB [20200410-10:42:48.076] thr=5   paramiko.transport: Kex agreed: curve25519-sha256@libssh.org
DEB [20200410-10:42:48.076] thr=5   paramiko.transport: HostKey agreed: ssh-ed25519
DEB [20200410-10:42:48.077] thr=5   paramiko.transport: Cipher agreed: aes128-ctr
DEB [20200410-10:42:48.077] thr=5   paramiko.transport: MAC agreed: hmac-sha2-256
DEB [20200410-10:42:48.077] thr=5   paramiko.transport: Compression agreed: none
DEB [20200410-10:42:48.154] thr=5   paramiko.transport: kex engine KexCurve25519 specified hash_algo <built-in function openssl_sha256>
DEB [20200410-10:42:48.155] thr=5   paramiko.transport: Switch to new keys ...
DEB [20200410-10:42:48.157] thr=6   paramiko.transport: Adding ssh-ed25519 host key for 172.18.2.13: b'8a1b46e1e470e164ef09311546ef0af0'
DEB [20200410-10:42:48.250] thr=5   paramiko.transport: userauth is OK
INF [20200410-10:42:48.291] thr=5   paramiko.transport: Authentication (password) successful!
DEB [20200410-10:42:48.293] thr=6   paramiko.transport: [chan 0] Max packet in: 32768 bytes
DEB [20200410-10:42:48.324] thr=5   paramiko.transport: Received global request "hostkeys-00@openssh.com"
DEB [20200410-10:42:48.324] thr=5   paramiko.transport: Rejecting "hostkeys-00@openssh.com" global request from server.
DEB [20200410-10:42:48.394] thr=5   paramiko.transport: [chan 0] Max packet out: 32768 bytes
DEB [20200410-10:42:48.395] thr=5   paramiko.transport: Secsh channel 0 opened.
DEB [20200410-10:42:48.426] thr=5   paramiko.transport: [chan 0] Sesch channel 0 request ok
DEB [20200410-10:42:52.508] thr=5   paramiko.transport: [chan 0] EOF received (0)
DEB [20200410-10:42:52.510] thr=5   paramiko.transport: [chan 0] EOF sent (0)
DEB [20200410-11:42:01.814] thr=1   paramiko.transport: [chan 0] Max packet in: 32768 bytes
DEB [20200410-11:42:01.855] thr=2   paramiko.transport: Received global request "hostkeys-00@openssh.com"
DEB [20200410-11:42:01.856] thr=2   paramiko.transport: Rejecting "hostkeys-00@openssh.com" global request from server.
DEB [20200410-11:42:01.942] thr=2   paramiko.transport: [chan 0] Max packet out: 32768 bytes
DEB [20200410-11:42:01.943] thr=2   paramiko.transport: Secsh channel 0 opened.
DEB [20200410-11:42:01.980] thr=2   paramiko.transport: [chan 0] Sesch channel 0 request ok
DEB [20200410-11:42:06.078] thr=2   paramiko.transport: [chan 0] EOF received (0)
DEB [20200410-11:42:06.079] thr=1   paramiko.transport: [chan 0] EOF sent (0)
DEB [20200410-11:49:12.215] thr=1   paramiko.transport: [chan 0] Max packet in: 32768 bytes
DEB [20200410-11:49:12.259] thr=2   paramiko.transport: Received global request "hostkeys-00@openssh.com"
DEB [20200410-11:49:12.260] thr=2   paramiko.transport: Rejecting "hostkeys-00@openssh.com" global request from server.
DEB [20200410-11:49:12.330] thr=2   paramiko.transport: [chan 0] Max packet out: 32768 bytes
DEB [20200410-11:49:12.331] thr=2   paramiko.transport: Secsh channel 0 opened.
DEB [20200410-11:49:12.368] thr=2   paramiko.transport: [chan 0] Sesch channel 0 request ok
DEB [20200410-11:49:16.476] thr=2   paramiko.transport: [chan 0] EOF received (0)
DEB [20200410-11:49:16.477] thr=2   paramiko.transport: [chan 0] EOF sent (0)
DEB [20200410-11:50:40.879] thr=3   paramiko.transport: starting thread (client mode): 0xb4584ac8
DEB [20200410-11:50:40.880] thr=3   paramiko.transport: Local version/idstring: SSH-2.0-paramiko_2.7.1
DEB [20200410-11:50:40.916] thr=3   paramiko.transport: Remote version/idstring: SSH-2.0-OpenSSH_7.4p1 Debian-10+deb9u1
INF [20200410-11:50:40.916] thr=3   paramiko.transport: Connected (version 2.0, client OpenSSH_7.4p1)
DEB [20200410-11:50:40.945] thr=3   paramiko.transport: kex algos:['curve25519-sha256', 'curve25519-sha256@libssh.org', 'ecdh-sha2-nistp256', 'ecdh-sha2-nistp384', 'ecdh-sha2-nistp521', 'diffie-hellman-group-exchange-sha256', 'diffie-hellman-group16-sha512', 'diffie-hellman-group18-sha512', 'diffie-hellman-group14-sha256', 'diffie-hellman-group14-sha1'] server key:['ssh-rsa', 'rsa-sha2-512', 'rsa-sha2-256', 'ecdsa-sha2-nistp256', 'ssh-ed25519'] client encrypt:['chacha20-poly1305@openssh.com', 'aes128-ctr', 'aes192-ctr', 'aes256-ctr', 'aes128-gcm@openssh.com', 'aes256-gcm@openssh.com'] server encrypt:['chacha20-poly1305@openssh.com', 'aes128-ctr', 'aes192-ctr', 'aes256-ctr', 'aes128-gcm@openssh.com', 'aes256-gcm@openssh.com'] client mac:['umac-64-etm@openssh.com', 'umac-128-etm@openssh.com', 'hmac-sha2-256-etm@openssh.com', 'hmac-sha2-512-etm@openssh.com', 'hmac-sha1-etm@openssh.com', 'umac-64@openssh.com', 'umac-128@openssh.com', 'hmac-sha2-256', 'hmac-sha2-512', 'hmac-sha1'] server mac:['umac-64-etm@openssh.com', 'umac-128-etm@openssh.com', 'hmac-sha2-256-etm@openssh.com', 'hmac-sha2-512-etm@openssh.com', 'hmac-sha1-etm@openssh.com', 'umac-64@openssh.com', 'umac-128@openssh.com', 'hmac-sha2-256', 'hmac-sha2-512', 'hmac-sha1'] client compress:['none', 'zlib@openssh.com'] server compress:['none', 'zlib@openssh.com'] client lang:[''] server lang:[''] kex follows?False
DEB [20200410-11:50:40.945] thr=3   paramiko.transport: Kex agreed: curve25519-sha256@libssh.org
DEB [20200410-11:50:40.946] thr=3   paramiko.transport: HostKey agreed: ssh-ed25519
DEB [20200410-11:50:40.946] thr=3   paramiko.transport: Cipher agreed: aes128-ctr
DEB [20200410-11:50:40.946] thr=3   paramiko.transport: MAC agreed: hmac-sha2-256
DEB [20200410-11:50:40.947] thr=3   paramiko.transport: Compression agreed: none
DEB [20200410-11:50:41.030] thr=3   paramiko.transport: kex engine KexCurve25519 specified hash_algo <built-in function openssl_sha256>
DEB [20200410-11:50:41.031] thr=3   paramiko.transport: Switch to new keys ...
DEB [20200410-11:50:41.033] thr=4   paramiko.transport: Adding ssh-ed25519 host key for 172.18.2.13: b'8a1b46e1e470e164ef09311546ef0af0'
DEB [20200410-11:50:41.129] thr=3   paramiko.transport: userauth is OK
INF [20200410-11:50:41.177] thr=3   paramiko.transport: Authentication (password) successful!
DEB [20200410-11:50:41.178] thr=4   paramiko.transport: [chan 0] Max packet in: 32768 bytes
DEB [20200410-11:50:41.207] thr=3   paramiko.transport: Received global request "hostkeys-00@openssh.com"
DEB [20200410-11:50:41.208] thr=3   paramiko.transport: Rejecting "hostkeys-00@openssh.com" global request from server.
DEB [20200410-11:50:41.280] thr=3   paramiko.transport: [chan 0] Max packet out: 32768 bytes
DEB [20200410-11:50:41.280] thr=3   paramiko.transport: Secsh channel 0 opened.
DEB [20200410-11:50:41.324] thr=3   paramiko.transport: [chan 0] Sesch channel 0 request ok
DEB [20200410-11:50:45.347] thr=3   paramiko.transport: [chan 0] EOF received (0)
DEB [20200410-11:50:45.349] thr=4   paramiko.transport: [chan 0] EOF sent (0)
DEB [20200410-12:20:24.002] thr=1   paramiko.transport: [chan 0] Max packet in: 32768 bytes
DEB [20200410-12:20:24.049] thr=2   paramiko.transport: Received global request "hostkeys-00@openssh.com"
DEB [20200410-12:20:24.049] thr=2   paramiko.transport: Rejecting "hostkeys-00@openssh.com" global request from server.
DEB [20200410-12:20:24.120] thr=2   paramiko.transport: [chan 0] Max packet out: 32768 bytes
DEB [20200410-12:20:24.121] thr=2   paramiko.transport: Secsh channel 0 opened.
DEB [20200410-12:20:24.161] thr=2   paramiko.transport: [chan 0] Sesch channel 0 request ok
DEB [20200410-12:20:28.191] thr=2   paramiko.transport: [chan 0] EOF received (0)
DEB [20200410-12:20:28.192] thr=2   paramiko.transport: [chan 0] EOF sent (0)
DEB [20200410-12:20:28.194] thr=1   paramiko.transport: [chan 1] Max packet in: 32768 bytes
DEB [20200410-12:20:28.303] thr=2   paramiko.transport: [chan 1] Max packet out: 32768 bytes
DEB [20200410-12:20:28.303] thr=2   paramiko.transport: Secsh channel 1 opened.
DEB [20200410-12:20:28.334] thr=2   paramiko.transport: [chan 1] Sesch channel 1 request ok
DEB [20200410-12:20:28.341] thr=1   paramiko.transport: [chan 1] EOF sent (1)
DEB [20200410-12:20:53.396] thr=2   paramiko.transport: [chan 1] EOF received (1)
DEB [20200410-12:21:03.555] thr=1   paramiko.transport: [chan 0] Max packet in: 32768 bytes
DEB [20200410-12:21:03.600] thr=2   paramiko.transport: Received global request "hostkeys-00@openssh.com"
DEB [20200410-12:21:03.601] thr=2   paramiko.transport: Rejecting "hostkeys-00@openssh.com" global request from server.
DEB [20200410-12:21:03.670] thr=2   paramiko.transport: [chan 0] Max packet out: 32768 bytes
DEB [20200410-12:21:03.670] thr=2   paramiko.transport: Secsh channel 0 opened.
DEB [20200410-12:21:03.699] thr=2   paramiko.transport: [chan 0] Sesch channel 0 request ok
DEB [20200410-12:21:07.829] thr=2   paramiko.transport: [chan 0] EOF received (0)
DEB [20200410-12:21:07.830] thr=1   paramiko.transport: [chan 1] Max packet in: 32768 bytes
DEB [20200410-12:21:07.831] thr=2   paramiko.transport: [chan 0] EOF sent (0)
DEB [20200410-12:21:07.875] thr=2   paramiko.transport: [chan 1] Max packet out: 32768 bytes
DEB [20200410-12:21:07.875] thr=2   paramiko.transport: Secsh channel 1 opened.
DEB [20200410-12:21:07.987] thr=2   paramiko.transport: [chan 1] Sesch channel 1 request ok
DEB [20200410-12:21:07.998] thr=1   paramiko.transport: [chan 1] EOF sent (1)
DEB [20200410-12:21:36.681] thr=1   paramiko.transport: [chan 0] Max packet in: 32768 bytes
DEB [20200410-12:21:36.727] thr=2   paramiko.transport: Received global request "hostkeys-00@openssh.com"
DEB [20200410-12:21:36.727] thr=2   paramiko.transport: Rejecting "hostkeys-00@openssh.com" global request from server.
DEB [20200410-12:21:36.806] thr=2   paramiko.transport: [chan 0] Max packet out: 32768 bytes
DEB [20200410-12:21:36.806] thr=2   paramiko.transport: Secsh channel 0 opened.
DEB [20200410-12:21:36.835] thr=2   paramiko.transport: [chan 0] Sesch channel 0 request ok
DEB [20200410-12:21:40.897] thr=2   paramiko.transport: [chan 0] EOF received (0)
DEB [20200410-12:21:40.899] thr=1   paramiko.transport: [chan 1] Max packet in: 32768 bytes
DEB [20200410-12:21:40.900] thr=2   paramiko.transport: [chan 0] EOF sent (0)
DEB [20200410-12:21:40.929] thr=2   paramiko.transport: [chan 1] Max packet out: 32768 bytes
DEB [20200410-12:21:40.930] thr=2   paramiko.transport: Secsh channel 1 opened.
DEB [20200410-12:21:41.026] thr=2   paramiko.transport: [chan 1] Sesch channel 1 request ok
DEB [20200410-12:22:27.904] thr=2   paramiko.transport: [chan 1] EOF received (1)
DEB [20200410-12:22:27.910] thr=2   paramiko.transport: [chan 1] EOF sent (1)
DEB [20200410-12:24:02.765] thr=1   paramiko.transport: [chan 0] Max packet in: 32768 bytes
DEB [20200410-12:24:02.811] thr=2   paramiko.transport: Received global request "hostkeys-00@openssh.com"
DEB [20200410-12:24:02.812] thr=2   paramiko.transport: Rejecting "hostkeys-00@openssh.com" global request from server.
DEB [20200410-12:24:02.895] thr=2   paramiko.transport: [chan 0] Max packet out: 32768 bytes
DEB [20200410-12:24:02.896] thr=2   paramiko.transport: Secsh channel 0 opened.
DEB [20200410-12:24:02.926] thr=2   paramiko.transport: [chan 0] Sesch channel 0 request ok
DEB [20200410-12:24:07.025] thr=2   paramiko.transport: [chan 0] EOF received (0)
DEB [20200410-12:24:07.027] thr=1   paramiko.transport: [chan 1] Max packet in: 32768 bytes
DEB [20200410-12:24:07.028] thr=2   paramiko.transport: [chan 0] EOF sent (0)
DEB [20200410-12:24:07.056] thr=2   paramiko.transport: [chan 1] Max packet out: 32768 bytes
DEB [20200410-12:24:07.056] thr=2   paramiko.transport: Secsh channel 1 opened.
DEB [20200410-12:24:07.176] thr=2   paramiko.transport: [chan 1] Sesch channel 1 request ok
DEB [20200410-12:24:53.226] thr=2   paramiko.transport: [chan 1] EOF received (1)
DEB [20200410-12:24:53.229] thr=1   paramiko.transport: [chan 1] EOF sent (1)
DEB [20200411-19:53:18.042] thr=1   paramiko.transport: [chan 0] Max packet in: 32768 bytes
DEB [20200411-19:53:18.418] thr=2   paramiko.transport: Received global request "hostkeys-00@openssh.com"
DEB [20200411-19:53:18.419] thr=2   paramiko.transport: Rejecting "hostkeys-00@openssh.com" global request from server.
DEB [20200411-19:53:18.491] thr=2   paramiko.transport: [chan 0] Max packet out: 32768 bytes
DEB [20200411-19:53:18.492] thr=2   paramiko.transport: Secsh channel 0 opened.
DEB [20200411-19:53:18.524] thr=2   paramiko.transport: [chan 0] Sesch channel 0 request ok
DEB [20200411-19:53:23.413] thr=2   paramiko.transport: [chan 0] EOF received (0)
DEB [20200411-19:53:23.415] thr=1   paramiko.transport: [chan 1] Max packet in: 32768 bytes
DEB [20200411-19:53:23.417] thr=2   paramiko.transport: [chan 0] EOF sent (0)
DEB [20200411-19:53:23.443] thr=2   paramiko.transport: [chan 1] Max packet out: 32768 bytes
DEB [20200411-19:53:23.444] thr=2   paramiko.transport: Secsh channel 1 opened.
DEB [20200411-19:53:23.540] thr=2   paramiko.transport: [chan 1] Sesch channel 1 request ok
DEB [20200411-19:54:10.047] thr=2   paramiko.transport: [chan 1] EOF received (1)
DEB [20200411-19:54:10.049] thr=1   paramiko.transport: [chan 1] EOF sent (1)
DEB [20200413-08:16:39.651] thr=1   paramiko.transport: [chan 0] Max packet in: 32768 bytes
DEB [20200413-08:16:39.749] thr=2   paramiko.transport: Received global request "hostkeys-00@openssh.com"
DEB [20200413-08:16:39.749] thr=2   paramiko.transport: Rejecting "hostkeys-00@openssh.com" global request from server.
DEB [20200413-08:16:39.817] thr=2   paramiko.transport: [chan 0] Max packet out: 32768 bytes
DEB [20200413-08:16:39.818] thr=2   paramiko.transport: Secsh channel 0 opened.
DEB [20200413-08:16:39.846] thr=2   paramiko.transport: [chan 0] Sesch channel 0 request ok
DEB [20200413-08:16:43.926] thr=2   paramiko.transport: [chan 0] EOF received (0)
DEB [20200413-08:16:43.928] thr=1   paramiko.transport: [chan 1] Max packet in: 32768 bytes
DEB [20200413-08:16:43.929] thr=2   paramiko.transport: [chan 0] EOF sent (0)
DEB [20200413-08:16:43.955] thr=2   paramiko.transport: [chan 1] Max packet out: 32768 bytes
DEB [20200413-08:16:43.956] thr=2   paramiko.transport: Secsh channel 1 opened.
DEB [20200413-08:16:44.058] thr=2   paramiko.transport: [chan 1] Sesch channel 1 request ok
DEB [20200413-08:17:19.607] thr=2   paramiko.transport: [chan 1] EOF received (1)
DEB [20200413-08:17:19.608] thr=1   paramiko.transport: [chan 1] EOF sent (1)
DEB [20200413-08:22:04.499] thr=3   paramiko.transport: starting thread (client mode): 0xa7d0de10
DEB [20200413-08:22:04.499] thr=3   paramiko.transport: Local version/idstring: SSH-2.0-paramiko_2.7.1
DEB [20200413-08:22:04.530] thr=3   paramiko.transport: Remote version/idstring: SSH-2.0-OpenSSH_7.4p1 Debian-10+deb9u1
INF [20200413-08:22:04.531] thr=3   paramiko.transport: Connected (version 2.0, client OpenSSH_7.4p1)
DEB [20200413-08:22:04.557] thr=3   paramiko.transport: kex algos:['curve25519-sha256', 'curve25519-sha256@libssh.org', 'ecdh-sha2-nistp256', 'ecdh-sha2-nistp384', 'ecdh-sha2-nistp521', 'diffie-hellman-group-exchange-sha256', 'diffie-hellman-group16-sha512', 'diffie-hellman-group18-sha512', 'diffie-hellman-group14-sha256', 'diffie-hellman-group14-sha1'] server key:['ssh-rsa', 'rsa-sha2-512', 'rsa-sha2-256', 'ecdsa-sha2-nistp256', 'ssh-ed25519'] client encrypt:['chacha20-poly1305@openssh.com', 'aes128-ctr', 'aes192-ctr', 'aes256-ctr', 'aes128-gcm@openssh.com', 'aes256-gcm@openssh.com'] server encrypt:['chacha20-poly1305@openssh.com', 'aes128-ctr', 'aes192-ctr', 'aes256-ctr', 'aes128-gcm@openssh.com', 'aes256-gcm@openssh.com'] client mac:['umac-64-etm@openssh.com', 'umac-128-etm@openssh.com', 'hmac-sha2-256-etm@openssh.com', 'hmac-sha2-512-etm@openssh.com', 'hmac-sha1-etm@openssh.com', 'umac-64@openssh.com', 'umac-128@openssh.com', 'hmac-sha2-256', 'hmac-sha2-512', 'hmac-sha1'] server mac:['umac-64-etm@openssh.com', 'umac-128-etm@openssh.com', 'hmac-sha2-256-etm@openssh.com', 'hmac-sha2-512-etm@openssh.com', 'hmac-sha1-etm@openssh.com', 'umac-64@openssh.com', 'umac-128@openssh.com', 'hmac-sha2-256', 'hmac-sha2-512', 'hmac-sha1'] client compress:['none', 'zlib@openssh.com'] server compress:['none', 'zlib@openssh.com'] client lang:[''] server lang:[''] kex follows?False
DEB [20200413-08:22:04.557] thr=3   paramiko.transport: Kex agreed: curve25519-sha256@libssh.org
DEB [20200413-08:22:04.557] thr=3   paramiko.transport: HostKey agreed: ssh-ed25519
DEB [20200413-08:22:04.558] thr=3   paramiko.transport: Cipher agreed: aes128-ctr
DEB [20200413-08:22:04.558] thr=3   paramiko.transport: MAC agreed: hmac-sha2-256
DEB [20200413-08:22:04.558] thr=3   paramiko.transport: Compression agreed: none
DEB [20200413-08:22:04.638] thr=3   paramiko.transport: kex engine KexCurve25519 specified hash_algo <built-in function openssl_sha256>
DEB [20200413-08:22:04.638] thr=3   paramiko.transport: Switch to new keys ...
DEB [20200413-08:22:04.639] thr=1   paramiko.transport: Adding ssh-ed25519 host key for 172.18.2.13: b'8a1b46e1e470e164ef09311546ef0af0'
DEB [20200413-08:22:04.732] thr=3   paramiko.transport: userauth is OK
INF [20200413-08:22:06.809] thr=3   paramiko.transport: Authentication (password) failed.
DEB [20200413-08:23:16.221] thr=4   paramiko.transport: starting thread (client mode): 0xa662c5c0
DEB [20200413-08:23:16.222] thr=4   paramiko.transport: Local version/idstring: SSH-2.0-paramiko_2.7.1
DEB [20200413-08:23:16.254] thr=4   paramiko.transport: Remote version/idstring: SSH-2.0-OpenSSH_7.4p1 Debian-10+deb9u1
INF [20200413-08:23:16.254] thr=4   paramiko.transport: Connected (version 2.0, client OpenSSH_7.4p1)
DEB [20200413-08:23:16.280] thr=4   paramiko.transport: kex algos:['curve25519-sha256', 'curve25519-sha256@libssh.org', 'ecdh-sha2-nistp256', 'ecdh-sha2-nistp384', 'ecdh-sha2-nistp521', 'diffie-hellman-group-exchange-sha256', 'diffie-hellman-group16-sha512', 'diffie-hellman-group18-sha512', 'diffie-hellman-group14-sha256', 'diffie-hellman-group14-sha1'] server key:['ssh-rsa', 'rsa-sha2-512', 'rsa-sha2-256', 'ecdsa-sha2-nistp256', 'ssh-ed25519'] client encrypt:['chacha20-poly1305@openssh.com', 'aes128-ctr', 'aes192-ctr', 'aes256-ctr', 'aes128-gcm@openssh.com', 'aes256-gcm@openssh.com'] server encrypt:['chacha20-poly1305@openssh.com', 'aes128-ctr', 'aes192-ctr', 'aes256-ctr', 'aes128-gcm@openssh.com', 'aes256-gcm@openssh.com'] client mac:['umac-64-etm@openssh.com', 'umac-128-etm@openssh.com', 'hmac-sha2-256-etm@openssh.com', 'hmac-sha2-512-etm@openssh.com', 'hmac-sha1-etm@openssh.com', 'umac-64@openssh.com', 'umac-128@openssh.com', 'hmac-sha2-256', 'hmac-sha2-512', 'hmac-sha1'] server mac:['umac-64-etm@openssh.com', 'umac-128-etm@openssh.com', 'hmac-sha2-256-etm@openssh.com', 'hmac-sha2-512-etm@openssh.com', 'hmac-sha1-etm@openssh.com', 'umac-64@openssh.com', 'umac-128@openssh.com', 'hmac-sha2-256', 'hmac-sha2-512', 'hmac-sha1'] client compress:['none', 'zlib@openssh.com'] server compress:['none', 'zlib@openssh.com'] client lang:[''] server lang:[''] kex follows?False
DEB [20200413-08:23:16.281] thr=4   paramiko.transport: Kex agreed: curve25519-sha256@libssh.org
DEB [20200413-08:23:16.281] thr=4   paramiko.transport: HostKey agreed: ssh-ed25519
DEB [20200413-08:23:16.281] thr=4   paramiko.transport: Cipher agreed: aes128-ctr
DEB [20200413-08:23:16.281] thr=4   paramiko.transport: MAC agreed: hmac-sha2-256
DEB [20200413-08:23:16.281] thr=4   paramiko.transport: Compression agreed: none
DEB [20200413-08:23:16.358] thr=4   paramiko.transport: kex engine KexCurve25519 specified hash_algo <built-in function openssl_sha256>
DEB [20200413-08:23:16.359] thr=4   paramiko.transport: Switch to new keys ...
DEB [20200413-08:23:16.360] thr=5   paramiko.transport: Adding ssh-ed25519 host key for 172.18.2.13: b'8a1b46e1e470e164ef09311546ef0af0'
DEB [20200413-08:23:16.449] thr=4   paramiko.transport: userauth is OK
INF [20200413-08:23:16.490] thr=4   paramiko.transport: Authentication (password) successful!
DEB [20200413-08:23:16.491] thr=5   paramiko.transport: [chan 0] Max packet in: 32768 bytes
DEB [20200413-08:23:16.519] thr=4   paramiko.transport: Received global request "hostkeys-00@openssh.com"
DEB [20200413-08:23:16.520] thr=4   paramiko.transport: Rejecting "hostkeys-00@openssh.com" global request from server.
DEB [20200413-08:23:16.589] thr=4   paramiko.transport: [chan 0] Max packet out: 32768 bytes
DEB [20200413-08:23:16.589] thr=4   paramiko.transport: Secsh channel 0 opened.
DEB [20200413-08:23:16.627] thr=4   paramiko.transport: [chan 0] Sesch channel 0 request ok
DEB [20200413-08:23:20.649] thr=4   paramiko.transport: [chan 0] EOF received (0)
DEB [20200413-08:23:20.651] thr=5   paramiko.transport: [chan 1] Max packet in: 32768 bytes
DEB [20200413-08:23:20.652] thr=4   paramiko.transport: [chan 0] EOF sent (0)
DEB [20200413-08:23:20.679] thr=4   paramiko.transport: [chan 1] Max packet out: 32768 bytes
DEB [20200413-08:23:20.680] thr=4   paramiko.transport: Secsh channel 1 opened.
DEB [20200413-08:23:20.778] thr=4   paramiko.transport: [chan 1] Sesch channel 1 request ok
DEB [20200413-08:23:43.947] thr=4   paramiko.transport: [chan 1] EOF received (1)
DEB [20200413-08:23:43.948] thr=5   paramiko.transport: [chan 1] EOF sent (1)
DEB [20200413-08:24:04.888] thr=3   paramiko.transport: EOF in transport thread
DEB [20200413-08:26:11.523] thr=6   paramiko.transport: starting thread (client mode): 0xa662c2b0
DEB [20200413-08:26:11.524] thr=6   paramiko.transport: Local version/idstring: SSH-2.0-paramiko_2.7.1
DEB [20200413-08:26:11.559] thr=6   paramiko.transport: Remote version/idstring: SSH-2.0-OpenSSH_7.4p1 Debian-10+deb9u1
INF [20200413-08:26:11.559] thr=6   paramiko.transport: Connected (version 2.0, client OpenSSH_7.4p1)
DEB [20200413-08:26:11.589] thr=6   paramiko.transport: kex algos:['curve25519-sha256', 'curve25519-sha256@libssh.org', 'ecdh-sha2-nistp256', 'ecdh-sha2-nistp384', 'ecdh-sha2-nistp521', 'diffie-hellman-group-exchange-sha256', 'diffie-hellman-group16-sha512', 'diffie-hellman-group18-sha512', 'diffie-hellman-group14-sha256', 'diffie-hellman-group14-sha1'] server key:['ssh-rsa', 'rsa-sha2-512', 'rsa-sha2-256', 'ecdsa-sha2-nistp256', 'ssh-ed25519'] client encrypt:['chacha20-poly1305@openssh.com', 'aes128-ctr', 'aes192-ctr', 'aes256-ctr', 'aes128-gcm@openssh.com', 'aes256-gcm@openssh.com'] server encrypt:['chacha20-poly1305@openssh.com', 'aes128-ctr', 'aes192-ctr', 'aes256-ctr', 'aes128-gcm@openssh.com', 'aes256-gcm@openssh.com'] client mac:['umac-64-etm@openssh.com', 'umac-128-etm@openssh.com', 'hmac-sha2-256-etm@openssh.com', 'hmac-sha2-512-etm@openssh.com', 'hmac-sha1-etm@openssh.com', 'umac-64@openssh.com', 'umac-128@openssh.com', 'hmac-sha2-256', 'hmac-sha2-512', 'hmac-sha1'] server mac:['umac-64-etm@openssh.com', 'umac-128-etm@openssh.com', 'hmac-sha2-256-etm@openssh.com', 'hmac-sha2-512-etm@openssh.com', 'hmac-sha1-etm@openssh.com', 'umac-64@openssh.com', 'umac-128@openssh.com', 'hmac-sha2-256', 'hmac-sha2-512', 'hmac-sha1'] client compress:['none', 'zlib@openssh.com'] server compress:['none', 'zlib@openssh.com'] client lang:[''] server lang:[''] kex follows?False
DEB [20200413-08:26:11.589] thr=6   paramiko.transport: Kex agreed: curve25519-sha256@libssh.org
DEB [20200413-08:26:11.589] thr=6   paramiko.transport: HostKey agreed: ssh-ed25519
DEB [20200413-08:26:11.589] thr=6   paramiko.transport: Cipher agreed: aes128-ctr
DEB [20200413-08:26:11.590] thr=6   paramiko.transport: MAC agreed: hmac-sha2-256
DEB [20200413-08:26:11.590] thr=6   paramiko.transport: Compression agreed: none
DEB [20200413-08:26:11.668] thr=6   paramiko.transport: kex engine KexCurve25519 specified hash_algo <built-in function openssl_sha256>
DEB [20200413-08:26:11.669] thr=6   paramiko.transport: Switch to new keys ...
DEB [20200413-08:26:11.671] thr=7   paramiko.transport: Adding ssh-ed25519 host key for 172.18.2.13: b'8a1b46e1e470e164ef09311546ef0af0'
DEB [20200413-08:26:11.772] thr=6   paramiko.transport: userauth is OK
INF [20200413-08:26:11.813] thr=6   paramiko.transport: Authentication (password) successful!
DEB [20200413-08:26:11.814] thr=7   paramiko.transport: [chan 0] Max packet in: 32768 bytes
DEB [20200413-08:26:11.842] thr=6   paramiko.transport: Received global request "hostkeys-00@openssh.com"
DEB [20200413-08:26:11.843] thr=6   paramiko.transport: Rejecting "hostkeys-00@openssh.com" global request from server.
DEB [20200413-08:26:11.905] thr=6   paramiko.transport: [chan 0] Max packet out: 32768 bytes
DEB [20200413-08:26:11.906] thr=6   paramiko.transport: Secsh channel 0 opened.
DEB [20200413-08:26:11.937] thr=6   paramiko.transport: [chan 0] Sesch channel 0 request ok
DEB [20200413-08:26:15.971] thr=6   paramiko.transport: [chan 0] EOF received (0)
DEB [20200413-08:26:15.972] thr=7   paramiko.transport: [chan 1] Max packet in: 32768 bytes
DEB [20200413-08:26:15.973] thr=6   paramiko.transport: [chan 0] EOF sent (0)
DEB [20200413-08:26:16.001] thr=6   paramiko.transport: [chan 1] Max packet out: 32768 bytes
DEB [20200413-08:26:16.002] thr=6   paramiko.transport: Secsh channel 1 opened.
DEB [20200413-08:26:16.105] thr=6   paramiko.transport: [chan 1] Sesch channel 1 request ok
DEB [20200413-08:27:02.558] thr=6   paramiko.transport: [chan 1] EOF received (1)
DEB [20200413-08:27:02.560] thr=7   paramiko.transport: [chan 1] EOF sent (1)
DEB [20200413-08:31:54.740] thr=8   paramiko.transport: starting thread (client mode): 0xa4d856d8
DEB [20200413-08:31:54.740] thr=8   paramiko.transport: Local version/idstring: SSH-2.0-paramiko_2.7.1
DEB [20200413-08:31:54.781] thr=8   paramiko.transport: Remote version/idstring: SSH-2.0-OpenSSH_7.4p1 Debian-10+deb9u1
INF [20200413-08:31:54.781] thr=8   paramiko.transport: Connected (version 2.0, client OpenSSH_7.4p1)
DEB [20200413-08:31:54.811] thr=8   paramiko.transport: kex algos:['curve25519-sha256', 'curve25519-sha256@libssh.org', 'ecdh-sha2-nistp256', 'ecdh-sha2-nistp384', 'ecdh-sha2-nistp521', 'diffie-hellman-group-exchange-sha256', 'diffie-hellman-group16-sha512', 'diffie-hellman-group18-sha512', 'diffie-hellman-group14-sha256', 'diffie-hellman-group14-sha1'] server key:['ssh-rsa', 'rsa-sha2-512', 'rsa-sha2-256', 'ecdsa-sha2-nistp256', 'ssh-ed25519'] client encrypt:['chacha20-poly1305@openssh.com', 'aes128-ctr', 'aes192-ctr', 'aes256-ctr', 'aes128-gcm@openssh.com', 'aes256-gcm@openssh.com'] server encrypt:['chacha20-poly1305@openssh.com', 'aes128-ctr', 'aes192-ctr', 'aes256-ctr', 'aes128-gcm@openssh.com', 'aes256-gcm@openssh.com'] client mac:['umac-64-etm@openssh.com', 'umac-128-etm@openssh.com', 'hmac-sha2-256-etm@openssh.com', 'hmac-sha2-512-etm@openssh.com', 'hmac-sha1-etm@openssh.com', 'umac-64@openssh.com', 'umac-128@openssh.com', 'hmac-sha2-256', 'hmac-sha2-512', 'hmac-sha1'] server mac:['umac-64-etm@openssh.com', 'umac-128-etm@openssh.com', 'hmac-sha2-256-etm@openssh.com', 'hmac-sha2-512-etm@openssh.com', 'hmac-sha1-etm@openssh.com', 'umac-64@openssh.com', 'umac-128@openssh.com', 'hmac-sha2-256', 'hmac-sha2-512', 'hmac-sha1'] client compress:['none', 'zlib@openssh.com'] server compress:['none', 'zlib@openssh.com'] client lang:[''] server lang:[''] kex follows?False
DEB [20200413-08:31:54.812] thr=8   paramiko.transport: Kex agreed: curve25519-sha256@libssh.org
DEB [20200413-08:31:54.812] thr=8   paramiko.transport: HostKey agreed: ssh-ed25519
DEB [20200413-08:31:54.812] thr=8   paramiko.transport: Cipher agreed: aes128-ctr
DEB [20200413-08:31:54.812] thr=8   paramiko.transport: MAC agreed: hmac-sha2-256
DEB [20200413-08:31:54.812] thr=8   paramiko.transport: Compression agreed: none
DEB [20200413-08:31:54.891] thr=8   paramiko.transport: kex engine KexCurve25519 specified hash_algo <built-in function openssl_sha256>
DEB [20200413-08:31:54.892] thr=8   paramiko.transport: Switch to new keys ...
DEB [20200413-08:31:54.893] thr=5   paramiko.transport: Adding ssh-ed25519 host key for 172.18.2.13: b'8a1b46e1e470e164ef09311546ef0af0'
DEB [20200413-08:31:54.991] thr=8   paramiko.transport: userauth is OK
INF [20200413-08:31:55.036] thr=8   paramiko.transport: Authentication (password) successful!
DEB [20200413-08:31:55.037] thr=5   paramiko.transport: [chan 0] Max packet in: 32768 bytes
DEB [20200413-08:31:55.069] thr=8   paramiko.transport: Received global request "hostkeys-00@openssh.com"
DEB [20200413-08:31:55.069] thr=8   paramiko.transport: Rejecting "hostkeys-00@openssh.com" global request from server.
DEB [20200413-08:31:55.140] thr=8   paramiko.transport: [chan 0] Max packet out: 32768 bytes
DEB [20200413-08:31:55.140] thr=8   paramiko.transport: Secsh channel 0 opened.
DEB [20200413-08:31:55.171] thr=8   paramiko.transport: [chan 0] Sesch channel 0 request ok
DEB [20200413-08:31:59.237] thr=8   paramiko.transport: [chan 0] EOF received (0)
DEB [20200413-08:31:59.239] thr=5   paramiko.transport: [chan 1] Max packet in: 32768 bytes
DEB [20200413-08:31:59.240] thr=8   paramiko.transport: [chan 0] EOF sent (0)
DEB [20200413-08:31:59.267] thr=8   paramiko.transport: [chan 1] Max packet out: 32768 bytes
DEB [20200413-08:31:59.267] thr=8   paramiko.transport: Secsh channel 1 opened.
DEB [20200413-08:31:59.368] thr=8   paramiko.transport: [chan 1] Sesch channel 1 request ok
DEB [20200413-08:32:34.159] thr=8   paramiko.transport: [chan 1] EOF received (1)
DEB [20200413-08:32:34.161] thr=5   paramiko.transport: [chan 1] EOF sent (1)
DEB [20200413-08:34:02.839] thr=9   paramiko.transport: starting thread (client mode): 0xa4d8b6a0
DEB [20200413-08:34:02.840] thr=9   paramiko.transport: Local version/idstring: SSH-2.0-paramiko_2.7.1
DEB [20200413-08:34:02.875] thr=9   paramiko.transport: Remote version/idstring: SSH-2.0-OpenSSH_7.4p1 Debian-10+deb9u1
INF [20200413-08:34:02.875] thr=9   paramiko.transport: Connected (version 2.0, client OpenSSH_7.4p1)
DEB [20200413-08:34:02.901] thr=9   paramiko.transport: kex algos:['curve25519-sha256', 'curve25519-sha256@libssh.org', 'ecdh-sha2-nistp256', 'ecdh-sha2-nistp384', 'ecdh-sha2-nistp521', 'diffie-hellman-group-exchange-sha256', 'diffie-hellman-group16-sha512', 'diffie-hellman-group18-sha512', 'diffie-hellman-group14-sha256', 'diffie-hellman-group14-sha1'] server key:['ssh-rsa', 'rsa-sha2-512', 'rsa-sha2-256', 'ecdsa-sha2-nistp256', 'ssh-ed25519'] client encrypt:['chacha20-poly1305@openssh.com', 'aes128-ctr', 'aes192-ctr', 'aes256-ctr', 'aes128-gcm@openssh.com', 'aes256-gcm@openssh.com'] server encrypt:['chacha20-poly1305@openssh.com', 'aes128-ctr', 'aes192-ctr', 'aes256-ctr', 'aes128-gcm@openssh.com', 'aes256-gcm@openssh.com'] client mac:['umac-64-etm@openssh.com', 'umac-128-etm@openssh.com', 'hmac-sha2-256-etm@openssh.com', 'hmac-sha2-512-etm@openssh.com', 'hmac-sha1-etm@openssh.com', 'umac-64@openssh.com', 'umac-128@openssh.com', 'hmac-sha2-256', 'hmac-sha2-512', 'hmac-sha1'] server mac:['umac-64-etm@openssh.com', 'umac-128-etm@openssh.com', 'hmac-sha2-256-etm@openssh.com', 'hmac-sha2-512-etm@openssh.com', 'hmac-sha1-etm@openssh.com', 'umac-64@openssh.com', 'umac-128@openssh.com', 'hmac-sha2-256', 'hmac-sha2-512', 'hmac-sha1'] client compress:['none', 'zlib@openssh.com'] server compress:['none', 'zlib@openssh.com'] client lang:[''] server lang:[''] kex follows?False
DEB [20200413-08:34:02.901] thr=9   paramiko.transport: Kex agreed: curve25519-sha256@libssh.org
DEB [20200413-08:34:02.901] thr=9   paramiko.transport: HostKey agreed: ssh-ed25519
DEB [20200413-08:34:02.901] thr=9   paramiko.transport: Cipher agreed: aes128-ctr
DEB [20200413-08:34:02.902] thr=9   paramiko.transport: MAC agreed: hmac-sha2-256
DEB [20200413-08:34:02.902] thr=9   paramiko.transport: Compression agreed: none
DEB [20200413-08:34:02.979] thr=9   paramiko.transport: kex engine KexCurve25519 specified hash_algo <built-in function openssl_sha256>
DEB [20200413-08:34:02.979] thr=9   paramiko.transport: Switch to new keys ...
DEB [20200413-08:34:02.980] thr=10  paramiko.transport: Adding ssh-ed25519 host key for 172.18.2.13: b'8a1b46e1e470e164ef09311546ef0af0'
DEB [20200413-08:34:03.069] thr=9   paramiko.transport: userauth is OK
INF [20200413-08:34:03.110] thr=9   paramiko.transport: Authentication (password) successful!
DEB [20200413-08:34:03.111] thr=10  paramiko.transport: [chan 0] Max packet in: 32768 bytes
DEB [20200413-08:34:03.144] thr=9   paramiko.transport: Received global request "hostkeys-00@openssh.com"
DEB [20200413-08:34:03.145] thr=9   paramiko.transport: Rejecting "hostkeys-00@openssh.com" global request from server.
DEB [20200413-08:34:03.213] thr=9   paramiko.transport: [chan 0] Max packet out: 32768 bytes
DEB [20200413-08:34:03.213] thr=9   paramiko.transport: Secsh channel 0 opened.
DEB [20200413-08:34:03.243] thr=9   paramiko.transport: [chan 0] Sesch channel 0 request ok
DEB [20200413-08:34:07.347] thr=9   paramiko.transport: [chan 0] EOF received (0)
DEB [20200413-08:34:07.348] thr=10  paramiko.transport: [chan 1] Max packet in: 32768 bytes
DEB [20200413-08:34:07.350] thr=9   paramiko.transport: [chan 0] EOF sent (0)
DEB [20200413-08:34:07.376] thr=9   paramiko.transport: [chan 1] Max packet out: 32768 bytes
DEB [20200413-08:34:07.376] thr=9   paramiko.transport: Secsh channel 1 opened.
DEB [20200413-08:34:07.471] thr=9   paramiko.transport: [chan 1] Sesch channel 1 request ok
DEB [20200413-08:34:31.103] thr=9   paramiko.transport: [chan 1] EOF received (1)
DEB [20200413-08:34:31.105] thr=10  paramiko.transport: [chan 1] EOF sent (1)
DEB [20200413-08:39:03.235] thr=11  paramiko.transport: starting thread (client mode): 0xa4d85588
DEB [20200413-08:39:03.235] thr=11  paramiko.transport: Local version/idstring: SSH-2.0-paramiko_2.7.1
DEB [20200413-08:39:03.345] thr=11  paramiko.transport: Remote version/idstring: SSH-2.0-OpenSSH_7.4p1 Debian-10+deb9u1
INF [20200413-08:39:03.345] thr=11  paramiko.transport: Connected (version 2.0, client OpenSSH_7.4p1)
DEB [20200413-08:39:03.371] thr=11  paramiko.transport: kex algos:['curve25519-sha256', 'curve25519-sha256@libssh.org', 'ecdh-sha2-nistp256', 'ecdh-sha2-nistp384', 'ecdh-sha2-nistp521', 'diffie-hellman-group-exchange-sha256', 'diffie-hellman-group16-sha512', 'diffie-hellman-group18-sha512', 'diffie-hellman-group14-sha256', 'diffie-hellman-group14-sha1'] server key:['ssh-rsa', 'rsa-sha2-512', 'rsa-sha2-256', 'ecdsa-sha2-nistp256', 'ssh-ed25519'] client encrypt:['chacha20-poly1305@openssh.com', 'aes128-ctr', 'aes192-ctr', 'aes256-ctr', 'aes128-gcm@openssh.com', 'aes256-gcm@openssh.com'] server encrypt:['chacha20-poly1305@openssh.com', 'aes128-ctr', 'aes192-ctr', 'aes256-ctr', 'aes128-gcm@openssh.com', 'aes256-gcm@openssh.com'] client mac:['umac-64-etm@openssh.com', 'umac-128-etm@openssh.com', 'hmac-sha2-256-etm@openssh.com', 'hmac-sha2-512-etm@openssh.com', 'hmac-sha1-etm@openssh.com', 'umac-64@openssh.com', 'umac-128@openssh.com', 'hmac-sha2-256', 'hmac-sha2-512', 'hmac-sha1'] server mac:['umac-64-etm@openssh.com', 'umac-128-etm@openssh.com', 'hmac-sha2-256-etm@openssh.com', 'hmac-sha2-512-etm@openssh.com', 'hmac-sha1-etm@openssh.com', 'umac-64@openssh.com', 'umac-128@openssh.com', 'hmac-sha2-256', 'hmac-sha2-512', 'hmac-sha1'] client compress:['none', 'zlib@openssh.com'] server compress:['none', 'zlib@openssh.com'] client lang:[''] server lang:[''] kex follows?False
DEB [20200413-08:39:03.371] thr=11  paramiko.transport: Kex agreed: curve25519-sha256@libssh.org
DEB [20200413-08:39:03.372] thr=11  paramiko.transport: HostKey agreed: ssh-ed25519
DEB [20200413-08:39:03.372] thr=11  paramiko.transport: Cipher agreed: aes128-ctr
DEB [20200413-08:39:03.372] thr=11  paramiko.transport: MAC agreed: hmac-sha2-256
DEB [20200413-08:39:03.372] thr=11  paramiko.transport: Compression agreed: none
DEB [20200413-08:39:03.415] thr=11  paramiko.transport: kex engine KexCurve25519 specified hash_algo <built-in function openssl_sha256>
DEB [20200413-08:39:03.416] thr=11  paramiko.transport: Switch to new keys ...
DEB [20200413-08:39:03.417] thr=7   paramiko.transport: Adding ssh-ed25519 host key for 172.18.2.13: b'8a1b46e1e470e164ef09311546ef0af0'
DEB [20200413-08:39:03.509] thr=11  paramiko.transport: userauth is OK
INF [20200413-08:39:03.559] thr=11  paramiko.transport: Authentication (password) successful!
DEB [20200413-08:39:03.560] thr=7   paramiko.transport: [chan 0] Max packet in: 32768 bytes
DEB [20200413-08:39:03.591] thr=11  paramiko.transport: Received global request "hostkeys-00@openssh.com"
DEB [20200413-08:39:03.591] thr=11  paramiko.transport: Rejecting "hostkeys-00@openssh.com" global request from server.
DEB [20200413-08:39:03.662] thr=11  paramiko.transport: [chan 0] Max packet out: 32768 bytes
DEB [20200413-08:39:03.662] thr=11  paramiko.transport: Secsh channel 0 opened.
DEB [20200413-08:39:03.695] thr=11  paramiko.transport: [chan 0] Sesch channel 0 request ok
DEB [20200413-08:39:07.839] thr=11  paramiko.transport: [chan 0] EOF received (0)
DEB [20200413-08:39:07.841] thr=7   paramiko.transport: [chan 1] Max packet in: 32768 bytes
DEB [20200413-08:39:07.843] thr=11  paramiko.transport: [chan 0] EOF sent (0)
DEB [20200413-08:39:07.869] thr=11  paramiko.transport: [chan 1] Max packet out: 32768 bytes
DEB [20200413-08:39:07.870] thr=11  paramiko.transport: Secsh channel 1 opened.
DEB [20200413-08:39:07.972] thr=11  paramiko.transport: [chan 1] Sesch channel 1 request ok
DEB [20200413-08:39:54.907] thr=11  paramiko.transport: [chan 1] EOF received (1)
DEB [20200413-08:39:54.908] thr=7   paramiko.transport: [chan 1] EOF sent (1)
DEB [20200413-08:46:25.064] thr=12  paramiko.transport: starting thread (client mode): 0xa4d95c88
DEB [20200413-08:46:25.064] thr=12  paramiko.transport: Local version/idstring: SSH-2.0-paramiko_2.7.1
DEB [20200413-08:46:25.098] thr=12  paramiko.transport: Remote version/idstring: SSH-2.0-OpenSSH_7.4p1 Debian-10+deb9u1
INF [20200413-08:46:25.099] thr=12  paramiko.transport: Connected (version 2.0, client OpenSSH_7.4p1)
DEB [20200413-08:46:25.127] thr=12  paramiko.transport: kex algos:['curve25519-sha256', 'curve25519-sha256@libssh.org', 'ecdh-sha2-nistp256', 'ecdh-sha2-nistp384', 'ecdh-sha2-nistp521', 'diffie-hellman-group-exchange-sha256', 'diffie-hellman-group16-sha512', 'diffie-hellman-group18-sha512', 'diffie-hellman-group14-sha256', 'diffie-hellman-group14-sha1'] server key:['ssh-rsa', 'rsa-sha2-512', 'rsa-sha2-256', 'ecdsa-sha2-nistp256', 'ssh-ed25519'] client encrypt:['chacha20-poly1305@openssh.com', 'aes128-ctr', 'aes192-ctr', 'aes256-ctr', 'aes128-gcm@openssh.com', 'aes256-gcm@openssh.com'] server encrypt:['chacha20-poly1305@openssh.com', 'aes128-ctr', 'aes192-ctr', 'aes256-ctr', 'aes128-gcm@openssh.com', 'aes256-gcm@openssh.com'] client mac:['umac-64-etm@openssh.com', 'umac-128-etm@openssh.com', 'hmac-sha2-256-etm@openssh.com', 'hmac-sha2-512-etm@openssh.com', 'hmac-sha1-etm@openssh.com', 'umac-64@openssh.com', 'umac-128@openssh.com', 'hmac-sha2-256', 'hmac-sha2-512', 'hmac-sha1'] server mac:['umac-64-etm@openssh.com', 'umac-128-etm@openssh.com', 'hmac-sha2-256-etm@openssh.com', 'hmac-sha2-512-etm@openssh.com', 'hmac-sha1-etm@openssh.com', 'umac-64@openssh.com', 'umac-128@openssh.com', 'hmac-sha2-256', 'hmac-sha2-512', 'hmac-sha1'] client compress:['none', 'zlib@openssh.com'] server compress:['none', 'zlib@openssh.com'] client lang:[''] server lang:[''] kex follows?False
DEB [20200413-08:46:25.128] thr=12  paramiko.transport: Kex agreed: curve25519-sha256@libssh.org
DEB [20200413-08:46:25.128] thr=12  paramiko.transport: HostKey agreed: ssh-ed25519
DEB [20200413-08:46:25.128] thr=12  paramiko.transport: Cipher agreed: aes128-ctr
DEB [20200413-08:46:25.129] thr=12  paramiko.transport: MAC agreed: hmac-sha2-256
DEB [20200413-08:46:25.129] thr=12  paramiko.transport: Compression agreed: none
DEB [20200413-08:46:25.205] thr=12  paramiko.transport: kex engine KexCurve25519 specified hash_algo <built-in function openssl_sha256>
DEB [20200413-08:46:25.205] thr=12  paramiko.transport: Switch to new keys ...
DEB [20200413-08:46:25.205] thr=13  paramiko.transport: Adding ssh-ed25519 host key for 172.18.2.13: b'8a1b46e1e470e164ef09311546ef0af0'
DEB [20200413-08:46:25.296] thr=12  paramiko.transport: userauth is OK
INF [20200413-08:46:25.337] thr=12  paramiko.transport: Authentication (password) successful!
DEB [20200413-08:46:25.338] thr=13  paramiko.transport: [chan 0] Max packet in: 32768 bytes
DEB [20200413-08:46:25.370] thr=12  paramiko.transport: Received global request "hostkeys-00@openssh.com"
DEB [20200413-08:46:25.371] thr=12  paramiko.transport: Rejecting "hostkeys-00@openssh.com" global request from server.
DEB [20200413-08:46:25.440] thr=12  paramiko.transport: [chan 0] Max packet out: 32768 bytes
DEB [20200413-08:46:25.440] thr=12  paramiko.transport: Secsh channel 0 opened.
DEB [20200413-08:46:25.472] thr=12  paramiko.transport: [chan 0] Sesch channel 0 request ok
DEB [20200413-08:46:29.494] thr=12  paramiko.transport: [chan 0] EOF received (0)
DEB [20200413-08:46:29.495] thr=12  paramiko.transport: [chan 0] EOF sent (0)
DEB [20200413-08:46:29.496] thr=13  paramiko.transport: [chan 1] Max packet in: 32768 bytes
DEB [20200413-08:46:29.590] thr=12  paramiko.transport: [chan 1] Max packet out: 32768 bytes
DEB [20200413-08:46:29.590] thr=12  paramiko.transport: Secsh channel 1 opened.
DEB [20200413-08:46:29.620] thr=12  paramiko.transport: [chan 1] Sesch channel 1 request ok
DEB [20200413-08:47:26.079] thr=12  paramiko.transport: [chan 1] EOF received (1)
DEB [20200413-08:47:26.081] thr=13  paramiko.transport: [chan 1] EOF sent (1)
DEB [20200413-08:48:03.038] thr=1   paramiko.transport: [chan 0] Max packet in: 32768 bytes
DEB [20200413-08:48:03.131] thr=2   paramiko.transport: Received global request "hostkeys-00@openssh.com"
DEB [20200413-08:48:03.131] thr=2   paramiko.transport: Rejecting "hostkeys-00@openssh.com" global request from server.
DEB [20200413-08:48:03.205] thr=2   paramiko.transport: [chan 0] Max packet out: 32768 bytes
DEB [20200413-08:48:03.205] thr=2   paramiko.transport: Secsh channel 0 opened.
DEB [20200413-08:48:03.234] thr=2   paramiko.transport: [chan 0] Sesch channel 0 request ok
DEB [20200413-08:48:07.367] thr=2   paramiko.transport: [chan 0] EOF received (0)
DEB [20200413-08:48:07.369] thr=1   paramiko.transport: [chan 1] Max packet in: 32768 bytes
DEB [20200413-08:48:07.370] thr=2   paramiko.transport: [chan 0] EOF sent (0)
DEB [20200413-08:48:07.398] thr=2   paramiko.transport: [chan 1] Max packet out: 32768 bytes
DEB [20200413-08:48:07.399] thr=2   paramiko.transport: Secsh channel 1 opened.
DEB [20200413-08:48:07.495] thr=2   paramiko.transport: [chan 1] Sesch channel 1 request ok
DEB [20200413-08:48:11.770] thr=2   paramiko.transport: [chan 1] EOF received (1)
DEB [20200413-08:48:11.772] thr=1   paramiko.transport: [chan 1] EOF sent (1)
DEB [20200413-08:49:52.351] thr=3   paramiko.transport: starting thread (client mode): 0x1ec8c668
DEB [20200413-08:49:52.353] thr=3   paramiko.transport: Local version/idstring: SSH-2.0-paramiko_2.7.1
DEB [20200413-08:49:52.404] thr=3   paramiko.transport: Remote version/idstring: SSH-2.0-OpenSSH_7.4p1 Debian-10+deb9u1
INF [20200413-08:49:52.404] thr=3   paramiko.transport: Connected (version 2.0, client OpenSSH_7.4p1)
DEB [20200413-08:49:52.430] thr=3   paramiko.transport: kex algos:['curve25519-sha256', 'curve25519-sha256@libssh.org', 'ecdh-sha2-nistp256', 'ecdh-sha2-nistp384', 'ecdh-sha2-nistp521', 'diffie-hellman-group-exchange-sha256', 'diffie-hellman-group16-sha512', 'diffie-hellman-group18-sha512', 'diffie-hellman-group14-sha256', 'diffie-hellman-group14-sha1'] server key:['ssh-rsa', 'rsa-sha2-512', 'rsa-sha2-256', 'ecdsa-sha2-nistp256', 'ssh-ed25519'] client encrypt:['chacha20-poly1305@openssh.com', 'aes128-ctr', 'aes192-ctr', 'aes256-ctr', 'aes128-gcm@openssh.com', 'aes256-gcm@openssh.com'] server encrypt:['chacha20-poly1305@openssh.com', 'aes128-ctr', 'aes192-ctr', 'aes256-ctr', 'aes128-gcm@openssh.com', 'aes256-gcm@openssh.com'] client mac:['umac-64-etm@openssh.com', 'umac-128-etm@openssh.com', 'hmac-sha2-256-etm@openssh.com', 'hmac-sha2-512-etm@openssh.com', 'hmac-sha1-etm@openssh.com', 'umac-64@openssh.com', 'umac-128@openssh.com', 'hmac-sha2-256', 'hmac-sha2-512', 'hmac-sha1'] server mac:['umac-64-etm@openssh.com', 'umac-128-etm@openssh.com', 'hmac-sha2-256-etm@openssh.com', 'hmac-sha2-512-etm@openssh.com', 'hmac-sha1-etm@openssh.com', 'umac-64@openssh.com', 'umac-128@openssh.com', 'hmac-sha2-256', 'hmac-sha2-512', 'hmac-sha1'] client compress:['none', 'zlib@openssh.com'] server compress:['none', 'zlib@openssh.com'] client lang:[''] server lang:[''] kex follows?False
DEB [20200413-08:49:52.430] thr=3   paramiko.transport: Kex agreed: curve25519-sha256@libssh.org
DEB [20200413-08:49:52.430] thr=3   paramiko.transport: HostKey agreed: ssh-ed25519
DEB [20200413-08:49:52.430] thr=3   paramiko.transport: Cipher agreed: aes128-ctr
DEB [20200413-08:49:52.430] thr=3   paramiko.transport: MAC agreed: hmac-sha2-256
DEB [20200413-08:49:52.430] thr=3   paramiko.transport: Compression agreed: none
DEB [20200413-08:49:52.510] thr=3   paramiko.transport: kex engine KexCurve25519 specified hash_algo <built-in function openssl_sha256>
DEB [20200413-08:49:52.510] thr=3   paramiko.transport: Switch to new keys ...
DEB [20200413-08:49:52.511] thr=4   paramiko.transport: Adding ssh-ed25519 host key for 172.18.2.13: b'8a1b46e1e470e164ef09311546ef0af0'
DEB [20200413-08:49:52.598] thr=3   paramiko.transport: userauth is OK
INF [20200413-08:49:52.639] thr=3   paramiko.transport: Authentication (password) successful!
DEB [20200413-08:49:52.640] thr=4   paramiko.transport: [chan 0] Max packet in: 32768 bytes
DEB [20200413-08:49:52.668] thr=3   paramiko.transport: Received global request "hostkeys-00@openssh.com"
DEB [20200413-08:49:52.669] thr=3   paramiko.transport: Rejecting "hostkeys-00@openssh.com" global request from server.
DEB [20200413-08:49:52.748] thr=3   paramiko.transport: [chan 0] Max packet out: 32768 bytes
DEB [20200413-08:49:52.748] thr=3   paramiko.transport: Secsh channel 0 opened.
DEB [20200413-08:49:52.780] thr=3   paramiko.transport: [chan 0] Sesch channel 0 request ok
DEB [20200413-08:49:56.837] thr=3   paramiko.transport: [chan 0] EOF received (0)
DEB [20200413-08:49:56.839] thr=3   paramiko.transport: [chan 0] EOF sent (0)
DEB [20200413-08:49:56.840] thr=4   paramiko.transport: [chan 1] Max packet in: 32768 bytes
DEB [20200413-08:49:56.930] thr=3   paramiko.transport: [chan 1] Max packet out: 32768 bytes
DEB [20200413-08:49:56.930] thr=3   paramiko.transport: Secsh channel 1 opened.
DEB [20200413-08:49:56.961] thr=3   paramiko.transport: [chan 1] Sesch channel 1 request ok
DEB [20200413-08:50:42.814] thr=3   paramiko.transport: [chan 1] EOF received (1)
DEB [20200413-08:50:42.814] thr=4   paramiko.transport: [chan 1] EOF sent (1)
DEB [20200413-13:26:12.763] thr=3   paramiko.transport: EOF in transport thread
DEB [20200413-13:29:02.085] thr=1   paramiko.transport: [chan 0] Max packet in: 32768 bytes
DEB [20200413-13:29:02.370] thr=2   paramiko.transport: Received global request "hostkeys-00@openssh.com"
DEB [20200413-13:29:02.371] thr=2   paramiko.transport: Rejecting "hostkeys-00@openssh.com" global request from server.
DEB [20200413-13:29:02.439] thr=2   paramiko.transport: [chan 0] Max packet out: 32768 bytes
DEB [20200413-13:29:02.439] thr=2   paramiko.transport: Secsh channel 0 opened.
DEB [20200413-13:29:02.475] thr=2   paramiko.transport: [chan 0] Sesch channel 0 request ok
DEB [20200413-13:29:06.565] thr=2   paramiko.transport: [chan 0] EOF received (0)
DEB [20200413-13:29:06.566] thr=1   paramiko.transport: [chan 1] Max packet in: 32768 bytes
DEB [20200413-13:29:06.568] thr=2   paramiko.transport: [chan 0] EOF sent (0)
DEB [20200413-13:29:06.595] thr=2   paramiko.transport: [chan 1] Max packet out: 32768 bytes
DEB [20200413-13:29:06.595] thr=2   paramiko.transport: Secsh channel 1 opened.
DEB [20200413-13:29:06.711] thr=2   paramiko.transport: [chan 1] Sesch channel 1 request ok
DEB [20200413-13:30:05.357] thr=2   paramiko.transport: [chan 1] EOF received (1)
DEB [20200413-13:30:05.359] thr=1   paramiko.transport: [chan 1] EOF sent (1)
DEB [20200413-15:56:26.754] thr=1   paramiko.transport: [chan 0] Max packet in: 32768 bytes
DEB [20200413-15:56:26.781] thr=2   paramiko.transport: Received global request "hostkeys-00@openssh.com"
DEB [20200413-15:56:26.781] thr=2   paramiko.transport: Rejecting "hostkeys-00@openssh.com" global request from server.
DEB [20200413-15:56:26.866] thr=2   paramiko.transport: [chan 0] Max packet out: 32768 bytes
DEB [20200413-15:56:26.866] thr=2   paramiko.transport: Secsh channel 0 opened.
DEB [20200413-15:56:26.896] thr=2   paramiko.transport: [chan 0] Sesch channel 0 request ok
DEB [20200413-15:56:30.927] thr=2   paramiko.transport: [chan 0] EOF received (0)
DEB [20200413-15:56:30.927] thr=2   paramiko.transport: [chan 0] EOF sent (0)
DEB [20200413-15:56:30.928] thr=1   paramiko.transport: [chan 1] Max packet in: 32768 bytes
DEB [20200413-15:56:31.026] thr=2   paramiko.transport: [chan 1] Max packet out: 32768 bytes
DEB [20200413-15:56:31.026] thr=2   paramiko.transport: Secsh channel 1 opened.
DEB [20200413-15:56:31.054] thr=2   paramiko.transport: [chan 1] Sesch channel 1 request ok
DEB [20200413-15:57:18.355] thr=2   paramiko.transport: [chan 1] EOF received (1)
DEB [20200413-15:57:18.357] thr=1   paramiko.transport: [chan 1] EOF sent (1)
